\BOOKMARK [1][-]{section.1}{Questions/Comments}{}% 1
\BOOKMARK [2][-]{subsection.1.1}{Questions}{section.1}% 2
\BOOKMARK [2][-]{subsection.1.2}{Comments}{section.1}% 3
\BOOKMARK [1][-]{section.2}{Assumptions}{}% 4
\BOOKMARK [1][-]{section.3}{MDP Model}{}% 5
\BOOKMARK [2][-]{subsection.3.1}{Decision Epochs}{section.3}% 6
\BOOKMARK [2][-]{subsection.3.2}{State Space}{section.3}% 7
\BOOKMARK [3][-]{subsubsection.3.2.1}{Description}{subsection.3.2}% 8
\BOOKMARK [2][-]{subsection.3.3}{Action Sets}{section.3}% 9
\BOOKMARK [3][-]{subsubsection.3.3.1}{Description}{subsection.3.3}% 10
\BOOKMARK [3][-]{subsubsection.3.3.2}{Auxiliary Variables}{subsection.3.3}% 11
\BOOKMARK [3][-]{subsubsection.3.3.3}{Auxiliary Variable Definition}{subsection.3.3}% 12
\BOOKMARK [3][-]{subsubsection.3.3.4}{State-Action Constraints}{subsection.3.3}% 13
\BOOKMARK [2][-]{subsection.3.4}{Transition Probabilities}{section.3}% 14
\BOOKMARK [3][-]{subsubsection.3.4.1}{Uncertainty Sources}{subsection.3.4}% 15
\BOOKMARK [3][-]{subsubsection.3.4.2}{Transition Constraints}{subsection.3.4}% 16
\BOOKMARK [2][-]{subsection.3.5}{Costs}{section.3}% 17
\BOOKMARK [1][-]{section.4}{LP Model}{}% 18
\BOOKMARK [2][-]{subsection.4.1}{Full LP}{section.4}% 19
\BOOKMARK [1][-]{section.5}{Aproximate Dynamic Programming Model}{}% 20
\BOOKMARK [2][-]{subsection.5.1}{Full ADP Model}{section.5}% 21
\BOOKMARK [2][-]{subsection.5.2}{Expectation ADP Model}{section.5}% 22
\BOOKMARK [2][-]{subsection.5.3}{ADP Master Problem}{section.5}% 23
\BOOKMARK [2][-]{subsection.5.4}{ADP Pricing Problem}{section.5}% 24
\BOOKMARK [1][-]{section.6}{Solution Explanation}{}% 25
\BOOKMARK [2][-]{subsection.6.1}{Algorithm for solving}{section.6}% 26
\BOOKMARK [2][-]{subsection.6.2}{Generating an Action}{section.6}% 27
