\BOOKMARK [1][-]{section.1}{Questions/Comments}{}% 1
\BOOKMARK [1][-]{section.2}{Introduction}{}% 2
\BOOKMARK [2][-]{subsection.2.1}{Goals}{section.2}% 3
\BOOKMARK [2][-]{subsection.2.2}{Outcomes}{section.2}% 4
\BOOKMARK [2][-]{subsection.2.3}{Model Description}{section.2}% 5
\BOOKMARK [1][-]{section.3}{Assumptions}{}% 6
\BOOKMARK [1][-]{section.4}{Data}{}% 7
\BOOKMARK [2][-]{subsection.4.1}{Sets}{section.4}% 8
\BOOKMARK [2][-]{subsection.4.2}{Input Data}{section.4}% 9
\BOOKMARK [2][-]{subsection.4.3}{Model Parameters}{section.4}% 10
\BOOKMARK [1][-]{section.5}{MDP Model}{}% 11
\BOOKMARK [2][-]{subsection.5.1}{Decision Epochs}{section.5}% 12
\BOOKMARK [2][-]{subsection.5.2}{State Space}{section.5}% 13
\BOOKMARK [3][-]{subsubsection.5.2.1}{Description}{subsection.5.2}% 14
\BOOKMARK [2][-]{subsection.5.3}{Action Sets}{section.5}% 15
\BOOKMARK [3][-]{subsubsection.5.3.1}{Description}{subsection.5.3}% 16
\BOOKMARK [3][-]{subsubsection.5.3.2}{Auxiliary Variables}{subsection.5.3}% 17
\BOOKMARK [3][-]{subsubsection.5.3.3}{Auxiliary Variable Definition}{subsection.5.3}% 18
\BOOKMARK [3][-]{subsubsection.5.3.4}{State-Action Constraints}{subsection.5.3}% 19
\BOOKMARK [2][-]{subsection.5.4}{Transition}{section.5}% 20
\BOOKMARK [2][-]{subsection.5.5}{Costs}{section.5}% 21
\BOOKMARK [1][-]{section.6}{LP Model}{}% 22
\BOOKMARK [2][-]{subsection.6.1}{Full LP}{section.6}% 23
\BOOKMARK [1][-]{section.7}{Aproximate Dynamic Programming Model}{}% 24
\BOOKMARK [2][-]{subsection.7.1}{Expectation ADP Model}{section.7}% 25
\BOOKMARK [2][-]{subsection.7.2}{ADP Master Problem}{section.7}% 26
\BOOKMARK [2][-]{subsection.7.3}{ADP Pricing Problem}{section.7}% 27
\BOOKMARK [1][-]{section.8}{Solution Explanation}{}% 28
\BOOKMARK [2][-]{subsection.8.1}{Algorithm for solving}{section.8}% 29
\BOOKMARK [2][-]{subsection.8.2}{Generating an Action}{section.8}% 30
