Set parameter TokenServer to value "license1.computecanada.ca"
PHASE 1 Master Iter 0:		42.171875
PHASE 1 Master Iter 1:		0.0
PHASE 2 Sub Iter 2:		-107842.58671875
PHASE 2 Sub Iter 3:		-188679.5267578125
PHASE 2 Sub Iter 4:		-249280.40741210934
PHASE 2 Sub Iter 5:		-285699.20549658197
PHASE 2 Sub Iter 6:		-306278.52395056153
PHASE 2 Sub Iter 7:		-303954.45564650086
PHASE 2 Sub Iter 8:		-315170.50500044675
PHASE 2 Sub Iter 9:		-301160.116956585
PHASE 2 Sub Iter 10:		-297475.08079038624
PHASE 2 Sub Iter 11:		-276071.54353321926
PHASE 2 Sub Iter 12:		-261468.81115936887
PHASE 2 Sub Iter 13:		-258759.84098418
PHASE 2 Sub Iter 14:		-253843.61887659895
PHASE 2 Sub Iter 15:		-256188.6496952795
PHASE 2 Sub Iter 16:		-261230.6205865593
PHASE 2 Sub Iter 17:		-261210.1214117427
PHASE 2 Sub Iter 18:		-238138.8488710952
PHASE 2 Sub Iter 19:		-220359.2321409013
PHASE 2 Sub Iter 20:		-213283.1158156828
PHASE 2 Sub Iter 21:		-210777.1565832046
PHASE 2 Sub Iter 22:		-203357.46869817658
PHASE 2 Sub Iter 23:		-191179.59879692108
PHASE 2 Sub Iter 24:		-188342.36425872863
PHASE 2 Sub Iter 25:		-188092.91547056288
PHASE 2 Sub Iter 26:		-179038.48511222043
PHASE 2 Sub Iter 27:		-161705.93739014427
PHASE 2 Sub Iter 28:		-142942.08940461787
PHASE 2 Sub Iter 29:		-132899.656034292
PHASE 2 Sub Iter 30:		-122720.95742336726
PHASE 2 Sub Iter 31:		-107884.75444903273
PHASE 2 Sub Iter 32:		-86161.48365783805
PHASE 2 Sub Iter 33:		-70021.93181144512
PHASE 2 Sub Iter 34:		-59952.1682351989
PHASE 2 Sub Iter 35:		-56175.202321390694
PHASE 2 Sub Iter 36:		-47852.62192743969
PHASE 2 Sub Iter 37:		-44161.543584043335
PHASE 2 Sub Iter 38:		-43603.217560514684
PHASE 2 Sub Iter 39:		-38045.097322691625
PHASE 2 Sub Iter 40:		-37512.71910422049
PHASE 2 Sub Iter 41:		-37393.88375037929
PHASE 2 Sub Iter 42:		-36812.86580768402
PHASE 2 Sub Iter 43:		-33938.840748887946
PHASE 2 Sub Iter 44:		-28349.525986344037
PHASE 2 Sub Iter 45:		-25725.69369713533
PHASE 2 Sub Iter 46:		-23994.13370027501
PHASE 2 Sub Iter 47:		-25649.7336249666
PHASE 2 Sub Iter 48:		-23178.063705480785
PHASE 2 Sub Iter 49:		-22322.476694911864
PHASE 2 Sub Iter 50:		-22294.653145183256
PHASE 2 Sub Iter 51:		-24652.691316025488
PHASE 2 Sub Iter 52:		-23288.810706506705
PHASE 2 Sub Iter 53:		-25889.498108699754
PHASE 2 Sub Iter 54:		-25730.25010511399
PHASE 2 Sub Iter 55:		-25380.944750695937
PHASE 2 Sub Iter 56:		-21375.43164878833
PHASE 2 Sub Iter 57:		-20178.314925476316
PHASE 2 Sub Iter 58:		-16585.973193480233
PHASE 2 Sub Iter 59:		-18573.25721215845
PHASE 2 Sub Iter 60:		-23677.780482251703
PHASE 2 Sub Iter 61:		-25169.667741768215
PHASE 2 Sub Iter 62:		-23027.858317328955
PHASE 2 Sub Iter 63:		-22168.105422191413
PHASE 2 Sub Iter 64:		-27107.50209751795
PHASE 2 Sub Iter 65:		-24397.376312420976
PHASE 2 Sub Iter 66:		-25997.576337809045
PHASE 2 Sub Iter 67:		-24405.927533580914
PHASE 2 Sub Iter 68:		-23372.064488950324
PHASE 2 Sub Iter 69:		-20619.504678113688
PHASE 2 Sub Iter 70:		-19960.897431159116
PHASE 2 Sub Iter 71:		-22758.794325038743
PHASE 2 Sub Iter 72:		-20917.35349138463
PHASE 2 Sub Iter 73:		-21360.711680276727
PHASE 2 Sub Iter 74:		-21369.86217197927
PHASE 2 Sub Iter 75:		-17954.1394958557
PHASE 2 Sub Iter 76:		-19290.28398225892
PHASE 2 Sub Iter 77:		-18912.805472663164
PHASE 2 Sub Iter 78:		-17299.044878482888
PHASE 2 Sub Iter 79:		-18519.903242287834
PHASE 2 Sub Iter 80:		-19749.289988406872
PHASE 2 Sub Iter 81:		-19496.665726159532
PHASE 2 Sub Iter 82:		-17514.729381405206
PHASE 2 Sub Iter 83:		-20319.012138780763
PHASE 2 Sub Iter 84:		-20725.85386575511
PHASE 2 Sub Iter 85:		-18396.317802994967
PHASE 2 Sub Iter 86:		-18027.87277784331
PHASE 2 Sub Iter 87:		-20103.25671043935
PHASE 2 Sub Iter 88:		-21442.09718348817
PHASE 2 Sub Iter 89:		-18202.7691407708
PHASE 2 Sub Iter 90:		-18419.686519444564
PHASE 2 Sub Iter 91:		-16230.065129491943
PHASE 2 Sub Iter 92:		-15682.313617494514
PHASE 2 Sub Iter 93:		-17347.65384233117
PHASE 2 Sub Iter 94:		-18270.82239912831
PHASE 2 Sub Iter 95:		-21937.728156879697
PHASE 2 Sub Iter 96:		-28534.044241822103
PHASE 2 Sub Iter 97:		-29081.91047240752
PHASE 2 Sub Iter 98:		-28447.151400773004
PHASE 2 Sub Iter 99:		-27242.617644559155
PHASE 2 Sub Iter 100:		-30139.52383522415
PHASE 2 Sub Iter 101:		-26952.223803053843
PHASE 2 Sub Iter 102:		-33050.89415047013
PHASE 2 Sub Iter 103:		-33557.54945946287
PHASE 2 Sub Iter 104:		-28699.989865774656
PHASE 2 Sub Iter 105:		-31860.866063424037
PHASE 2 Sub Iter 106:		-28054.91516342743
PHASE 2 Sub Iter 107:		-25160.068893444473
PHASE 2 Sub Iter 108:		-21931.24794410266
PHASE 2 Sub Iter 109:		-21117.747619190854
PHASE 2 Sub Iter 110:		-19758.393607177062
PHASE 2 Sub Iter 111:		-24010.278625031206
PHASE 2 Sub Iter 112:		-19492.62026149426
PHASE 2 Sub Iter 113:		-21035.675445727076
PHASE 2 Sub Iter 114:		-19292.901101310574
PHASE 2 Sub Iter 115:		-20400.293084806573
PHASE 2 Sub Iter 116:		-18995.52124795743
PHASE 2 Sub Iter 117:		-16377.725155367172
PHASE 2 Sub Iter 118:		-16785.761745546006
PHASE 2 Sub Iter 119:		-17940.86365637159
PHASE 2 Sub Iter 120:		-22046.726939259162
PHASE 2 Sub Iter 121:		-20359.65594838997
PHASE 2 Sub Iter 122:		-20050.253778336744
PHASE 2 Sub Iter 123:		-19831.436960386276
PHASE 2 Sub Iter 124:		-17135.592588534248
PHASE 2 Sub Iter 125:		-15392.485579176642
PHASE 2 Sub Iter 126:		-14422.892029934663
PHASE 2 Sub Iter 127:		-15639.685723772443
PHASE 2 Sub Iter 128:		-14525.946639535106
PHASE 2 Sub Iter 129:		-15058.21239873987
PHASE 2 Sub Iter 130:		-14144.167044931088
PHASE 2 Sub Iter 131:		-18046.527259344533
PHASE 2 Sub Iter 132:		-16080.300746957464
PHASE 2 Sub Iter 133:		-17051.642279894626
PHASE 2 Sub Iter 134:		-16130.80840520189
PHASE 2 Sub Iter 135:		-15666.453912519388
PHASE 2 Sub Iter 136:		-13579.378558886185
PHASE 2 Sub Iter 137:		-16417.551985595415
PHASE 2 Sub Iter 138:		-14739.914780539555
PHASE 2 Sub Iter 139:		-15655.588350167262
PHASE 2 Sub Iter 140:		-14933.58034331129
PHASE 2 Sub Iter 141:		-13256.117698080367
PHASE 2 Sub Iter 142:		-12497.766898715605
PHASE 2 Sub Iter 143:		-10958.242011067578
PHASE 2 Sub Iter 144:		-10712.036635949913
PHASE 2 Sub Iter 145:		-10739.822454434743
PHASE 2 Sub Iter 146:		-8674.999376141834
PHASE 2 Sub Iter 147:		-7748.771174343591
PHASE 2 Sub Iter 148:		-5941.569283598223
PHASE 2 Sub Iter 149:		-5501.929311225388
PHASE 2 Sub Iter 150:		-4440.142167971469
PHASE 2 Sub Iter 151:		-3494.876919862907
PHASE 2 Sub Iter 152:		-3037.716389525068
PHASE 2 Sub Iter 153:		-2620.882343207175
PHASE 2 Sub Iter 154:		-2037.0315216415286
PHASE 2 Sub Iter 155:		-1920.0542446400796
PHASE 2 Sub Iter 156:		-1581.3300306480937
PHASE 2 Sub Iter 157:		-1365.7913087650609
PHASE 2 Sub Iter 158:		-1123.7681007657836
PHASE 2 Sub Iter 159:		-1104.7207217511377
PHASE 2 Sub Iter 160:		-1356.0348957509511
PHASE 2 Sub Iter 161:		-1205.2430422543325
PHASE 2 Sub Iter 162:		-1070.2247090078513
PHASE 2 Sub Iter 163:		-1023.2437562367671
PHASE 2 Sub Iter 164:		-1016.3493787904965
PHASE 2 Sub Iter 165:		-915.8582466757802
PHASE 2 Sub Iter 166:		-864.6773440797714
PHASE 2 Sub Iter 167:		-687.5846194339882
PHASE 2 Sub Iter 168:		-598.4390874656614
PHASE 2 Sub Iter 169:		-491.485210655794
PHASE 2 Sub Iter 170:		-450.05441505275274
PHASE 2 Sub Iter 171:		-461.68357206747237
PHASE 2 Sub Iter 172:		-494.3982172272488
PHASE 2 Sub Iter 173:		-419.94767339933986
PHASE 2 Sub Iter 174:		-344.616960638783
PHASE 2 Sub Iter 175:		-320.93170322324374
PHASE 2 Sub Iter 176:		-260.5907387411512
PHASE 2 Sub Iter 177:		-233.63034638618865
PHASE 2 Sub Iter 178:		-198.13181614776983
PHASE 2 Sub Iter 179:		-165.57078407333262
PHASE 2 Sub Iter 180:		-151.7813511571226
PHASE 2 Sub Iter 181:		-145.93575689180594
PHASE 2 Sub Iter 182:		-139.7439142394121
PHASE 2 Sub Iter 183:		-172.92252982058602
PHASE 2 Sub Iter 184:		-143.51730586326352
PHASE 2 Sub Iter 185:		-134.18299431330644
PHASE 2 Sub Iter 186:		-116.6747372110658
PHASE 2 Sub Iter 187:		-121.66984902456079
PHASE 2 Sub Iter 188:		-107.95831999742697
PHASE 2 Sub Iter 189:		-91.33816215893705
PHASE 2 Sub Iter 190:		-74.33093030575678
PHASE 2 Sub Iter 191:		-67.19734500392933
PHASE 2 Sub Iter 192:		-57.79849083628591
PHASE 2 Sub Iter 193:		-52.50031382770204
PHASE 2 Sub Iter 194:		-47.196618111030844
PHASE 2 Sub Iter 195:		-44.55836058869594
PHASE 2 Sub Iter 196:		-37.39075763838348
PHASE 2 Sub Iter 197:		-31.066985405572773
PHASE 2 Sub Iter 198:		-31.72204197951656
PHASE 2 Sub Iter 199:		-25.14835019154561
PHASE 2 Sub Iter 200:		-25.027532593909683
PHASE 2 Sub Iter 201:		-20.497452769421002
PHASE 2 Sub Iter 202:		-20.806854295330076
PHASE 2 Sub Iter 203:		-22.158512660878365
PHASE 2 Sub Iter 204:		-19.055398051747236
PHASE 2 Sub Iter 205:		-14.291548538810432
PHASE 2 Sub Iter 206:		-11.608128407642582
PHASE 2 Sub Iter 207:		-11.426352208386943
PHASE 2 Sub Iter 208:		-8.569764156290208
PHASE 2 Sub Iter 209:		-8.273452095076406
PHASE 2 Sub Iter 210:		-6.205089071307304
PHASE 2 Sub Iter 211:		-4.653816803480477
PHASE 2 Sub Iter 212:		-3.4903626026103556
PHASE 2 Sub Iter 213:		-2.617771951957767
PHASE 2 Sub Iter 214:		-1.9633289639683222
PHASE 2 Sub Iter 215:		-1.4724967229762402
PHASE 2 Sub Iter 216:		-1.1043725422321806
PHASE 2 Sub Iter 217:		-0.8282794066741377
PHASE 2 Sub Iter 218:		-0.6212095550056024
PHASE 2 Sub Iter 219:		-0.4659071662542009
PHASE 2 Sub Iter 220:		-0.34943037469065247
PHASE 2 Sub Iter 221:		-0.2620727810179858
PHASE 2 Sub Iter 222:		-0.19655458576348844
PHASE 2 Sub Iter 223:		-0.14741593932261768
PHASE 2 Sub Iter 224:		-0.11056195449196193
PHASE 2 Sub Iter 225:		-0.08292146586897056
PHASE 2 Sub Iter 226:		-0.0621910994017288
PHASE 2 Sub Iter 227:		-0.04664332455129838
PHASE 2 Sub Iter 228:		-0.034982493413471566
PHASE 2 Sub Iter 229:		-0.026236870060102786
PHASE 2 Sub Iter 230:		-0.019677652545078424
PHASE 2 Sub Iter 231:		-0.014758239408807484
PHASE 2 Sub Iter 232:		-0.011068679556606502
PHASE 2 Sub Iter 233:		-0.008301509667452656
PHASE 2 Sub Iter 234:		-0.006226132250589048
PHASE 2 Sub Iter 235:		-0.00466959918794001
PHASE 2 Sub Iter 236:		-0.0035021993909576717
PHASE 2 Sub Iter 237:		-0.0026266495432186975
PHASE 2 Sub Iter 238:		-0.001969987157413579
PHASE 2 Sub Iter 239:		-0.0014774903680570758
PHASE 2 Sub Iter 240:		-0.0011081177760428069
PHASE 2 Sub Iter 241:		-0.0008310883320321052
PHASE 2 Sub Iter 242:		-0.0006233162490271876
PHASE 2 Sub Iter 243:		-0.00046748718676950247
PHASE 2 Sub Iter 244:		-0.0003506153900753505
PHASE 2 Sub Iter 245:		-0.0002629615425560688
PHASE 2 Sub Iter 246:		-0.00019722115691793977
PHASE 2 Sub Iter 247:		-0.00014791586768801075
PHASE 2 Sub Iter 248:		-0.00011093690076689625
PHASE 2 Sub Iter 249:		-8.32026755747281e-05
PHASE 2 Sub Iter 250:		-6.240200667926972e-05
PHASE 2 Sub Iter 251:		-4.68015050085641e-05
PHASE 2 Sub Iter 252:		-3.510112875642308e-05
PHASE 2 Sub Iter 253:		-2.6325846567761398e-05
PHASE 2 Sub Iter 254:		-1.9744384925821048e-05
PHASE 2 Sub Iter 255:		-1.4808288693477608e-05
PHASE 2 Sub Iter 256:		-1.1106216520996384e-05
PHASE 2 Sub Iter 257:		-8.329662388526842e-06
PHASE 2 Sub Iter 258:		-6.247246788286507e-06
PHASE 2 Sub Iter 259:		-4.6854350925471484e-06
PHASE 2 Sub Iter 260:		-3.5140763211867177e-06
PHASE 2 Sub Iter 261:		-2.6355572400018598e-06
PHASE 2 Sub Iter 262:		-1.9766679313336627e-06
PHASE 2 Sub Iter 263:		-1.4825009458357116e-06
PHASE 2 Sub Iter 264:		-1.1118757124854082e-06
PHASE 2 Sub Iter 265:		-8.339067821436101e-07
PHASE 2 Sub Iter 266:		-6.254300843872616e-07
PHASE 2 Sub Iter 267:		-4.69072565066803e-07
PHASE 2 Sub Iter 268:		-3.5180442335601305e-07
PHASE 2 Sub Iter 269:		-2.6385331440838526e-07
PHASE 2 Sub Iter 270:		-1.9788998580628895e-07
PHASE 2 Sub Iter 271:		-1.4841749024289514e-07
PHASE 2 Sub Iter 272:		-1.113131150176361e-07
PHASE 2 Sub Iter 273:		-8.348483803958392e-08
PHASE 2 Sub Iter 274:		-6.261362897377714e-08
PHASE 2 Sub Iter 275:		-4.6960219065797604e-08
PHASE 2 Sub Iter 276:		-3.522016518752662e-08
PHASE 2 Sub Iter 277:		-2.6415126111091014e-08
PHASE 2 Sub Iter 278:		-1.981134103060458e-08
PHASE 2 Sub Iter 279:		-1.4858509325667115e-08
PHASE 2 Sub Iter 280:		-1.1143879329715077e-08
PHASE 2 Sub Iter 281:		-8.357907720929468e-09
PHASE 2 Sub Iter 282:		-6.268431234786311e-09
PHASE 2 Sub Iter 283:		-4.701326090624992e-09
PHASE 2 Sub Iter 284:		-3.525991459344275e-09
PHASE 2 Sub Iter 285:		-2.644494038597416e-09
PHASE 2 Sub Iter 286:		-1.9833731934833216e-09
PHASE 2 Sub Iter 287:		-1.4875285628448614e-09
PHASE 2 Sub Iter 288:		-1.1156450898660166e-09
PHASE 2 Sub Iter 289:		-8.367324851318829e-10
PHASE 2 Sub Iter 290:		-6.275502520273318e-10
PHASE 2 Sub Iter 291:		-4.706622449312891e-10
PHASE 2 Sub Iter 292:		-3.529971277876766e-10
PHASE 2 Sub Iter 293:		-2.647456253947082e-10
PHASE 2 Sub Iter 294:		-1.985587749568213e-10
PHASE 2 Sub Iter 295:		-1.4891774894998644e-10
PHASE 2 Sub Iter 296:		-1.1168964398011937e-10
PHASE 2 Sub Iter 297:		-8.376634480666984e-11
PHASE 2 Sub Iter 298:		-6.282431451579252e-11
PHASE 2 Sub Iter 299:		-4.711645953000499e-11
PHASE 2 Sub Iter 300:		-3.5337344647503745e-11
PHASE 2 Sub Iter 301:		-2.650522893167706e-11
PHASE 2 Sub Iter 302:		-1.9876701252708545e-11
PHASE 2 Sub Iter 303:		-1.4908858207160958e-11
PHASE 2 Sub Iter 304:		-1.1181643655370717e-11
PHASE 2 Sub Iter 305:		-8.387120919947738e-12
PHASE 2 Sub Iter 306:		-6.290340689960803e-12
PHASE 2 Sub Iter 307:		-4.715979160631203e-12
PHASE 2 Sub Iter 308:		-3.536984370473402e-12
PHASE 2 Sub Iter 309:		-2.652294188645201e-12
PHASE 2 Sub Iter 310:		-1.9905529091134514e-12
PHASE 2 Sub Iter 311:		-1.4951351278843389e-12
PHASE 2 Sub Iter 312:		-1.1186868106541537e-12
PHASE 2 Sub Iter 313:		-8.359064835216648e-13
PHASE 2 Sub Iter 314:		-6.264857734313986e-13
PHASE 2 Sub Iter 315:		-4.689761516538488e-13
PHASE 2 Sub Iter 316:		-3.5439664899948695e-13
PHASE 2 Sub Iter 317:		-2.626888622806648e-13
PHASE 2 Sub Iter 318:		-1.9790482513019873e-13
PHASE 2 Sub Iter 319:		-1.488727080574991e-13
PHASE 2 Sub Iter 320:		-1.1032226341357413e-13
PHASE 2 Sub Iter 321:		-8.096534072078035e-14
PHASE 2 Sub Iter 322:		-6.16121839602854e-14
PHASE 2 Sub Iter 323:		-4.798549480961429e-14
PHASE 2 Sub Iter 324:		-3.598912110721072e-14
PHASE 2 Sub Iter 325:		-2.876819766980829e-14
PHASE 2 Sub Iter 326:		-2.0687969832656094e-14
PHASE 2 Sub Iter 327:		-1.5071888164642008e-14
PHASE 2 Sub Iter 328:		-9.971648493931317e-15
PHASE 2 Sub Iter 329:		-1.0587360839398927e-14
PHASE 2 Sub Iter 330:		-7.940520629549196e-15
PHASE 2 Sub Iter 331:		-5.5113012623118334e-15
PHASE 2 Sub Iter 332:		-3.2452975270337502e-15
PHASE 2 Sub Iter 333:		-2.878062355125375e-15
PHASE 2 Sub Iter 334:		-2.602635976194094e-15
PHASE 2 Sub Iter 335:		-2.396066191995633e-15
PHASE 2 Sub Iter 336:		-2.2411388538467873e-15
PHASE 2 Sub Iter 337:		-2.1249433502351535e-15
PHASE 2 Sub Iter 338:		-2.0377967225264275e-15
PHASE 2 Sub Iter 339:		-1.9724367517448834e-15
PHASE 2 Sub Iter 340:		-1.923416773658725e-15
PHASE 2 Sub Iter 341:		-1.8866517900941064e-15
PHASE 2 Sub Iter 342:		-1.8590780524206424e-15
PHASE 2 Sub Iter 343:		-1.838397749165544e-15
PHASE 2 Sub Iter 344:		-1.8228875217242208e-15
PHASE 2 Sub Iter 345:		-1.8112548511432286e-15
PHASE 2 Sub Iter 346:		-1.8025303482074837e-15
PHASE 2 Sub Iter 347:		-1.7959869710056754e-15
PHASE 2 Sub Iter 348:		-1.791079438104319e-15
PHASE 2 Sub Iter 349:		-1.787398788428302e-15
PHASE 2 Sub Iter 350:		-1.784638301171289e-15
PHASE 2 Sub Iter 351:		-1.7825679357285293e-15
PHASE 2 Sub Iter 352:		-1.78101516164646e-15
PHASE 2 Sub Iter 353:		-1.7798505810849076e-15
PHASE 2 Sub Iter 354:		-1.778977145663743e-15
PHASE 2 Sub Iter 355:		-1.7783220690978702e-15
PHASE 2 Sub Iter 356:		-1.777830761673465e-15
PHASE 2 Sub Iter 357:		-1.7774622811051617e-15
PHASE 2 Sub Iter 358:		-1.777185920678934e-15
PHASE 2 Sub Iter 359:		-1.776978650359263e-15
PHASE 2 Sub Iter 360:		-1.77682319761951e-15
PHASE 2 Sub Iter 361:		-1.776706608064695e-15
PHASE 2 Sub Iter 362:		-1.7766191658985838e-15
PHASE 2 Sub Iter 363:		-1.7765535842740005e-15
PHASE 2 Sub Iter 364:		-1.776504398055563e-15
PHASE 2 Sub Iter 365:		-1.776467508391735e-15
PHASE 2 Sub Iter 366:		-1.776439841143864e-15
PHASE 2 Sub Iter 367:		-1.7764190907079604e-15
PHASE 2 Sub Iter 368:		-1.7764035278810332e-15
PHASE 2 Sub Iter 369:		-1.7763918557608375e-15
PHASE 2 Sub Iter 370:		-1.7763831016706908e-15
PHASE 2 Sub Iter 371:		-1.7763765361030805e-15
PHASE 2 Sub Iter 372:		-1.776371611927373e-15
PHASE 2 Sub Iter 373:		-1.776367918795592e-15
PHASE 2 Sub Iter 374:		-1.776365148946757e-15
PHASE 2 Sub Iter 375:		-1.7763630715601304e-15
PHASE 2 Sub Iter 376:		-1.77636151352016e-15
PHASE 2 Sub Iter 377:		-1.776360344990183e-15
PHASE 2 Sub Iter 378:		-1.7763594685926998e-15
PHASE 2 Sub Iter 379:		-1.7763588112945876e-15
PHASE 2 Sub Iter 380:		-1.7763583183210033e-15
PHASE 2 Sub Iter 381:		-1.776357948590815e-15
PHASE 2 Sub Iter 382:		-1.776357671293174e-15
PHASE 2 Sub Iter 383:		-1.7763574633199432e-15
PHASE 2 Sub Iter 384:		-1.77635730734002e-15
PHASE 2 Sub Iter 385:		-1.7763571903550774e-15
PHASE 2 Sub Iter 386:		-1.776357102616371e-15
PHASE 2 Sub Iter 387:		-1.776357036812341e-15
PHASE 2 Sub Iter 388:		-1.776356987459318e-15
PHASE 2 Sub Iter 389:		-1.7763569504445512e-15
PHASE 2 Sub Iter 390:		-1.776356922683476e-15
PHASE 2 Sub Iter 391:		-1.7763569018626695e-15
PHASE 2 Sub Iter 392:		-1.7763568862470646e-15
PHASE 2 Sub Iter 393:		-1.776356874535361e-15
PHASE 2 Sub Iter 394:		-1.7763568657515834e-15
PHASE 2 Sub Iter 395:		-1.7763568591637504e-15
PHASE 2 Sub Iter 396:		-1.776356854222875e-15
PHASE 2 Sub Iter 397:		-1.776356850517219e-15
PHASE 2 Sub Iter 398:		-1.776356847737977e-15
PHASE 2 Sub Iter 399:		-1.7763568456535453e-15
PHASE 2 Sub Iter 400:		-1.776356844090222e-15
PHASE 2 Sub Iter 401:		-1.7763568429177288e-15
PHASE 2 Sub Iter 402:		-1.776356842038359e-15
PHASE 2 Sub Iter 403:		-1.776356841378832e-15
PHASE 2 Sub Iter 404:		-1.7763568408841866e-15
PHASE 2 Sub Iter 405:		-1.7763568405132026e-15
PHASE 2 Sub Iter 406:		-1.7763568402349647e-15
PHASE 2 Sub Iter 407:		-1.776356840026286e-15
PHASE 2 Sub Iter 408:		-1.7763568398697773e-15
PHASE 2 Sub Iter 409:		-1.7763568397523956e-15
PHASE 2 Sub Iter 410:		-1.7763568396643595e-15
PHASE 2 Sub Iter 411:		-1.776356839598332e-15
PHASE 2 Sub Iter 412:		-1.776356839548812e-15
PHASE 2 Sub Iter 413:		-1.7763568395116715e-15
PHASE 2 Sub Iter 414:		-1.776356839483816e-15
PHASE 2 Sub Iter 415:		-1.7763568394629247e-15
PHASE 2 Sub Iter 416:		-1.7763568394472563e-15
PHASE 2 Sub Iter 417:		-1.7763568394355047e-15
PHASE 2 Sub Iter 418:		-1.776356839426691e-15
PHASE 2 Sub Iter 419:		-1.776356839420081e-15
PHASE 2 Sub Iter 420:		-1.7763568394151236e-15
PHASE 2 Sub Iter 421:		-1.776356839411405e-15
PHASE 2 Sub Iter 422:		-1.7763568394086163e-15
PHASE 2 Sub Iter 423:		-1.776356839406525e-15
PHASE 2 Sub Iter 424:		-1.7763568394049564e-15
PHASE 2 Sub Iter 425:		-1.77635683940378e-15
PHASE 2 Sub Iter 426:		-1.7763568394028975e-15
PHASE 2 Sub Iter 427:		-1.776356839402236e-15
PHASE 2 Sub Iter 428:		-1.7763568394017394e-15
PHASE 2 Sub Iter 429:		-1.776356839401367e-15
PHASE 2 Sub Iter 430:		-1.7763568394010882e-15
PHASE 2 Sub Iter 431:		-1.7763568394008784e-15
PHASE 2 Sub Iter 432:		-1.7763568394007214e-15
PHASE 2 Sub Iter 433:		-1.776356839400604e-15
PHASE 2 Sub Iter 434:		-1.7763568394005155e-15
PHASE 2 Sub Iter 435:		-1.7763568394004493e-15
PHASE 2 Sub Iter 436:		-1.7763568394003996e-15
PHASE 2 Sub Iter 437:		-1.7763568394003625e-15
PHASE 2 Sub Iter 438:		-1.776356839400334e-15
PHASE 2 Sub Iter 439:		-1.7763568394003136e-15
PHASE 2 Sub Iter 440:		-1.7763568394002978e-15
PHASE 2 Sub Iter 441:		-1.776356839400286e-15
PHASE 2 Sub Iter 442:		-1.7763568394002773e-15
PHASE 2 Sub Iter 443:		-1.77635683940027e-15
PHASE 2 Sub Iter 444:		-1.7763568394002655e-15
PHASE 2 Sub Iter 445:		-1.7763568394002615e-15
PHASE 2 Sub Iter 446:		-1.776356839400259e-15
PHASE 2 Sub Iter 447:		-1.7763568394002568e-15
PHASE 2 Sub Iter 448:		-1.7763568394002552e-15
PHASE 2 Sub Iter 449:		-1.776356839400254e-15
PHASE 2 Sub Iter 450:		-1.776356839400253e-15
PHASE 2 Sub Iter 451:		-1.7763568394002524e-15
PHASE 2 Sub Iter 452:		-1.776356839400252e-15
PHASE 2 Sub Iter 453:		-1.7763568394002516e-15
PHASE 2 Sub Iter 454:		-1.7763568394002513e-15
PHASE 2 Sub Iter 455:		-1.7763568394002513e-15
PHASE 2 Sub Iter 456:		-1.776356839400251e-15
PHASE 2 Sub Iter 457:		-1.776356839400251e-15
PHASE 2 Sub Iter 458:		-1.7763568394002505e-15
PHASE 2 Sub Iter 459:		-1.7763568394002505e-15
PHASE 2 Sub Iter 460:		-1.7763568394002505e-15
PHASE 2 Sub Iter 461:		-1.7763568394002505e-15
PHASE 2 Sub Iter 462:		-1.7763568394002505e-15
PHASE 2 Sub Iter 463:		-1.7763568394002505e-15
PHASE 2 Sub Iter 464:		-1.7763568394002505e-15
PHASE 2 Sub Iter 465:		-1.7763568394002505e-15
PHASE 2 Sub Iter 466:		-1.7763568394002505e-15
PHASE 2 Sub Iter 467:		-1.7763568394002505e-15
PHASE 2 Sub Iter 468:		-1.7763568394002505e-15
PHASE 2 Sub Iter 469:		-1.7763568394002505e-15
PHASE 2 Sub Iter 470:		-1.7763568394002505e-15
PHASE 2 Sub Iter 471:		-1.7763568394002505e-15
PHASE 2 Sub Iter 472:		-1.7763568394002505e-15
PHASE 2 Sub Iter 473:		-1.7763568394002505e-15
PHASE 2 Sub Iter 474:		-1.7763568394002505e-15
PHASE 2 Sub Iter 475:		-1.7763568394002505e-15
PHASE 2 Sub Iter 476:		-1.7763568394002505e-15
PHASE 2 Sub Iter 477:		-1.7763568394002505e-15
PHASE 2 Sub Iter 478:		-1.7763568394002505e-15
PHASE 2 Sub Iter 479:		-1.7763568394002505e-15
PHASE 2 Sub Iter 480:		-1.7763568394002505e-15
PHASE 2 Sub Iter 481:		-1.7763568394002505e-15
PHASE 2 Sub Iter 482:		-1.7763568394002505e-15
PHASE 2 Sub Iter 483:		-1.7763568394002505e-15
PHASE 2 Sub Iter 484:		-1.7763568394002505e-15
PHASE 2 Sub Iter 485:		-1.7763568394002505e-15
PHASE 2 Sub Iter 486:		-1.7763568394002505e-15
PHASE 2 Sub Iter 487:		-1.7763568394002505e-15
PHASE 2 Sub Iter 488:		-1.7763568394002505e-15
PHASE 2 Sub Iter 489:		-1.7763568394002505e-15
PHASE 2 Sub Iter 490:		-1.7763568394002505e-15
PHASE 2 Sub Iter 491:		-1.7763568394002505e-15
PHASE 2 Sub Iter 492:		-1.7763568394002505e-15
PHASE 2 Sub Iter 493:		-1.7763568394002505e-15
PHASE 2 Sub Iter 494:		-1.7763568394002505e-15
PHASE 2 Sub Iter 495:		-1.7763568394002505e-15
PHASE 2 Sub Iter 496:		-1.7763568394002505e-15
PHASE 2 Sub Iter 497:		-1.7763568394002505e-15
PHASE 2 Sub Iter 498:		-1.7763568394002505e-15
PHASE 2 Sub Iter 499:		-1.7763568394002505e-15
PHASE 2 Sub Iter 500:		-1.7763568394002505e-15
PHASE 2 Sub Iter 501:		-1.7763568394002505e-15
PHASE 2 Sub Iter 502:		-1.7763568394002505e-15
PHASE 2 Sub Iter 503:		-1.7763568394002505e-15
PHASE 2 Sub Iter 504:		-1.7763568394002505e-15
PHASE 2 Sub Iter 505:		-1.7763568394002505e-15
PHASE 2 Sub Iter 506:		-1.7763568394002505e-15
PHASE 2 Sub Iter 507:		-1.7763568394002505e-15
PHASE 2 Sub Iter 508:		-1.7763568394002505e-15
PHASE 2 Sub Iter 509:		-1.7763568394002505e-15
PHASE 2 Sub Iter 510:		-1.7763568394002505e-15
PHASE 2 Sub Iter 511:		-1.7763568394002505e-15
PHASE 2 Sub Iter 512:		-1.7763568394002505e-15
PHASE 2 Sub Iter 513:		-1.7763568394002505e-15
PHASE 2 Sub Iter 514:		-1.7763568394002505e-15
PHASE 2 Sub Iter 515:		-1.7763568394002505e-15
PHASE 2 Sub Iter 516:		-1.7763568394002505e-15
PHASE 2 Sub Iter 517:		-1.7763568394002505e-15
PHASE 2 Sub Iter 518:		-1.7763568394002505e-15
PHASE 2 Sub Iter 519:		-1.7763568394002505e-15
PHASE 2 Sub Iter 520:		-1.7763568394002505e-15
PHASE 2 Sub Iter 521:		-1.7763568394002505e-15
PHASE 2 Sub Iter 522:		-1.7763568394002505e-15
PHASE 2 Sub Iter 523:		-1.7763568394002505e-15
PHASE 2 Sub Iter 524:		-1.7763568394002505e-15
PHASE 2 Sub Iter 525:		-1.7763568394002505e-15
PHASE 2 Sub Iter 526:		-1.7763568394002505e-15
PHASE 2 Sub Iter 527:		-1.7763568394002505e-15
PHASE 2 Sub Iter 528:		-1.7763568394002505e-15
PHASE 2 Sub Iter 529:		-1.7763568394002505e-15
PHASE 2 Sub Iter 530:		-1.7763568394002505e-15
PHASE 2 Sub Iter 531:		-1.7763568394002505e-15
PHASE 2 Sub Iter 532:		-1.7763568394002505e-15
PHASE 2 Sub Iter 533:		-1.7763568394002505e-15
PHASE 2 Sub Iter 534:		-1.7763568394002505e-15
PHASE 2 Sub Iter 535:		-1.7763568394002505e-15
PHASE 2 Sub Iter 536:		-1.7763568394002505e-15
PHASE 2 Sub Iter 537:		-1.7763568394002505e-15
PHASE 2 Sub Iter 538:		-1.7763568394002505e-15
PHASE 2 Sub Iter 539:		-1.7763568394002505e-15
PHASE 2 Sub Iter 540:		-1.7763568394002505e-15
PHASE 2 Sub Iter 541:		-1.7763568394002505e-15
PHASE 2 Sub Iter 542:		-1.7763568394002505e-15
PHASE 2 Sub Iter 543:		-1.7763568394002505e-15
PHASE 2 Sub Iter 544:		-1.7763568394002505e-15
PHASE 2 Sub Iter 545:		-1.7763568394002505e-15
PHASE 2 Sub Iter 546:		-1.7763568394002505e-15
PHASE 2 Sub Iter 547:		-1.7763568394002505e-15
PHASE 2 Sub Iter 548:		-1.7763568394002505e-15
PHASE 2 Sub Iter 549:		-1.7763568394002505e-15
PHASE 2 Sub Iter 550:		-1.7763568394002505e-15
PHASE 2 Sub Iter 551:		-1.7763568394002505e-15
PHASE 2 Sub Iter 552:		-1.7763568394002505e-15
PHASE 2 Sub Iter 553:		-1.7763568394002505e-15
PHASE 2 Sub Iter 554:		-1.7763568394002505e-15
PHASE 2 Sub Iter 555:		-1.7763568394002505e-15
PHASE 2 Sub Iter 556:		-1.7763568394002505e-15
PHASE 2 Sub Iter 557:		-1.7763568394002505e-15
PHASE 2 Sub Iter 558:		-1.7763568394002505e-15
PHASE 2 Sub Iter 559:		-1.7763568394002505e-15
Myopic:   0%|          | 0/10 [00:00<?, ?it/s]Myopic:  10%|█         | 1/10 [02:11<19:46, 131.79s/it]Myopic:  20%|██        | 2/10 [03:55<15:20, 115.06s/it]slurmstepd: error: *** JOB 1868938 ON nc20514 CANCELLED AT 2022-01-23T04:21:03 ***
